2022-04-20 22:24:12,121 [INFO] sqlalchemy.engine.Engine: BEGIN (implicit)
2022-04-20 22:24:12,128 [INFO] sqlalchemy.engine.Engine: SELECT users.is_active AS users_is_active, users.id AS users_id, users.email AS users_email, users.password AS users_password, users.about AS users_about, users.authenticated AS users_authenticated, users.registered_on AS users_registered_on, users.is_admin AS users_is_admin 
FROM users 
WHERE users.id = ?
2022-04-20 22:24:12,131 [INFO] sqlalchemy.engine.Engine: [generated in 0.00269s] (1,)
2022-04-20 22:24:12,143 [INFO] sqlalchemy.engine.Engine: SELECT users.is_active AS users_is_active, users.id AS users_id, users.email AS users_email, users.password AS users_password, users.about AS users_about, users.authenticated AS users_authenticated, users.registered_on AS users_registered_on, users.is_admin AS users_is_admin 
FROM users 
WHERE users.email = ?
 LIMIT ? OFFSET ?
2022-04-20 22:24:12,146 [INFO] sqlalchemy.engine.Engine: [generated in 0.00265s] ('diana@diana.com', 1, 0)
2022-04-20 22:24:12,334 [INFO] sqlalchemy.engine.Engine: INSERT INTO users (email, password, about, authenticated, registered_on) VALUES (?, ?, ?, ?, ?)
2022-04-20 22:24:12,337 [INFO] sqlalchemy.engine.Engine: [generated in 0.00291s] ('diana@diana.com', 'pbkdf2:sha256:260000$Zejs2SRjlPeFT3g6$8736687d58d26f2e14e8a61549e5acd2db9da71d13ba2a8ac54979c0a42b9119', None, 0, '2022-04-20 22:24:12.332108')
2022-04-20 22:24:12,367 [INFO] sqlalchemy.engine.Engine: COMMIT
2022-04-20 22:24:12,391 [INFO] sqlalchemy.engine.Engine: BEGIN (implicit)
2022-04-20 22:24:12,396 [INFO] sqlalchemy.engine.Engine: SELECT users.is_active AS users_is_active, users.id AS users_id, users.email AS users_email, users.password AS users_password, users.about AS users_about, users.authenticated AS users_authenticated, users.registered_on AS users_registered_on, users.is_admin AS users_is_admin 
FROM users 
WHERE users.id = ?
2022-04-20 22:24:12,400 [INFO] sqlalchemy.engine.Engine: [generated in 0.00348s] (1,)
2022-04-20 22:24:12,423 [INFO] sqlalchemy.engine.Engine: UPDATE users SET is_admin=? WHERE users.id = ?
2022-04-20 22:24:12,429 [INFO] sqlalchemy.engine.Engine: [generated in 0.00606s] (1, 1)
2022-04-20 22:24:12,452 [INFO] sqlalchemy.engine.Engine: COMMIT
2022-04-20 22:24:12,524 [INFO] sqlalchemy.engine.Engine: BEGIN (implicit)
2022-04-20 22:24:12,526 [INFO] sqlalchemy.engine.Engine: SELECT users.is_active AS users_is_active, users.id AS users_id, users.email AS users_email, users.password AS users_password, users.about AS users_about, users.authenticated AS users_authenticated, users.registered_on AS users_registered_on, users.is_admin AS users_is_admin 
FROM users 
WHERE users.id = ?
2022-04-20 22:24:12,528 [INFO] sqlalchemy.engine.Engine: [cached since 0.3999s ago] (1,)
2022-04-20 22:24:12,549 [INFO] sqlalchemy.engine.Engine: ROLLBACK
2022-04-20 22:24:12,600 [INFO] sqlalchemy.engine.Engine: BEGIN (implicit)
2022-04-20 22:24:12,603 [INFO] sqlalchemy.engine.Engine: SELECT users.is_active AS users_is_active, users.id AS users_id, users.email AS users_email, users.password AS users_password, users.about AS users_about, users.authenticated AS users_authenticated, users.registered_on AS users_registered_on, users.is_admin AS users_is_admin 
FROM users 
WHERE users.id = ?
2022-04-20 22:24:12,605 [INFO] sqlalchemy.engine.Engine: [cached since 0.4769s ago] (1,)
2022-04-20 22:24:24,064 [INFO] sqlalchemy.engine.Engine: ROLLBACK
2022-04-20 22:24:24,100 [INFO] sqlalchemy.engine.Engine: BEGIN (implicit)
2022-04-20 22:24:24,104 [INFO] sqlalchemy.engine.Engine: SELECT users.is_active AS users_is_active, users.id AS users_id, users.email AS users_email, users.password AS users_password, users.about AS users_about, users.authenticated AS users_authenticated, users.registered_on AS users_registered_on, users.is_admin AS users_is_admin 
FROM users 
WHERE users.id = ?
2022-04-20 22:24:24,107 [INFO] sqlalchemy.engine.Engine: [cached since 12.01s ago] (1,)
2022-04-20 22:24:52,273 [INFO] sqlalchemy.engine.Engine: BEGIN (implicit)
2022-04-20 22:24:52,280 [INFO] sqlalchemy.engine.Engine: SELECT users.is_active AS users_is_active, users.id AS users_id, users.email AS users_email, users.password AS users_password, users.about AS users_about, users.authenticated AS users_authenticated, users.registered_on AS users_registered_on, users.is_admin AS users_is_admin 
FROM users 
WHERE users.id = ?
2022-04-20 22:24:52,297 [INFO] sqlalchemy.engine.Engine: [cached since 40.24s ago] (1,)
2022-04-20 22:27:01,475 [INFO] sqlalchemy.engine.Engine: BEGIN (implicit)
2022-04-20 22:27:01,483 [INFO] sqlalchemy.engine.Engine: SELECT users.is_active AS users_is_active, users.id AS users_id, users.email AS users_email, users.password AS users_password, users.about AS users_about, users.authenticated AS users_authenticated, users.registered_on AS users_registered_on, users.is_admin AS users_is_admin 
FROM users 
WHERE users.id = ?
2022-04-20 22:27:01,485 [INFO] sqlalchemy.engine.Engine: [generated in 0.00199s] (1,)
2022-04-20 22:27:11,630 [INFO] sqlalchemy.engine.Engine: BEGIN (implicit)
2022-04-20 22:27:11,634 [INFO] sqlalchemy.engine.Engine: SELECT users.is_active AS users_is_active, users.id AS users_id, users.email AS users_email, users.password AS users_password, users.about AS users_about, users.authenticated AS users_authenticated, users.registered_on AS users_registered_on, users.is_admin AS users_is_admin 
FROM users 
WHERE users.id = ?
2022-04-20 22:27:11,637 [INFO] sqlalchemy.engine.Engine: [cached since 10.15s ago] (1,)
2022-04-20 22:27:13,400 [INFO] sqlalchemy.engine.Engine: BEGIN (implicit)
2022-04-20 22:27:13,402 [INFO] sqlalchemy.engine.Engine: SELECT users.is_active AS users_is_active, users.id AS users_id, users.email AS users_email, users.password AS users_password, users.about AS users_about, users.authenticated AS users_authenticated, users.registered_on AS users_registered_on, users.is_admin AS users_is_admin 
FROM users 
WHERE users.id = ?
2022-04-20 22:27:13,405 [INFO] sqlalchemy.engine.Engine: [cached since 11.92s ago] (1,)
2022-04-20 22:27:14,665 [INFO] sqlalchemy.engine.Engine: BEGIN (implicit)
2022-04-20 22:27:14,668 [INFO] sqlalchemy.engine.Engine: SELECT users.is_active AS users_is_active, users.id AS users_id, users.email AS users_email, users.password AS users_password, users.about AS users_about, users.authenticated AS users_authenticated, users.registered_on AS users_registered_on, users.is_admin AS users_is_admin 
FROM users 
WHERE users.id = ?
2022-04-20 22:27:14,670 [INFO] sqlalchemy.engine.Engine: [cached since 13.22s ago] (1,)
2022-04-20 22:27:15,375 [INFO] sqlalchemy.engine.Engine: BEGIN (implicit)
2022-04-20 22:27:15,378 [INFO] sqlalchemy.engine.Engine: SELECT users.is_active AS users_is_active, users.id AS users_id, users.email AS users_email, users.password AS users_password, users.about AS users_about, users.authenticated AS users_authenticated, users.registered_on AS users_registered_on, users.is_admin AS users_is_admin 
FROM users 
WHERE users.id = ?
2022-04-20 22:27:15,381 [INFO] sqlalchemy.engine.Engine: [cached since 13.93s ago] (1,)
2022-04-20 22:27:15,842 [INFO] sqlalchemy.engine.Engine: BEGIN (implicit)
2022-04-20 22:27:15,844 [INFO] sqlalchemy.engine.Engine: SELECT users.is_active AS users_is_active, users.id AS users_id, users.email AS users_email, users.password AS users_password, users.about AS users_about, users.authenticated AS users_authenticated, users.registered_on AS users_registered_on, users.is_admin AS users_is_admin 
FROM users 
WHERE users.id = ?
2022-04-20 22:27:15,847 [INFO] sqlalchemy.engine.Engine: [cached since 14.4s ago] (1,)
2022-04-20 22:27:16,195 [INFO] sqlalchemy.engine.Engine: BEGIN (implicit)
2022-04-20 22:27:16,198 [INFO] sqlalchemy.engine.Engine: SELECT users.is_active AS users_is_active, users.id AS users_id, users.email AS users_email, users.password AS users_password, users.about AS users_about, users.authenticated AS users_authenticated, users.registered_on AS users_registered_on, users.is_admin AS users_is_admin 
FROM users 
WHERE users.id = ?
2022-04-20 22:27:16,201 [INFO] sqlalchemy.engine.Engine: [cached since 14.75s ago] (1,)
2022-04-20 22:27:16,497 [INFO] sqlalchemy.engine.Engine: BEGIN (implicit)
2022-04-20 22:27:16,503 [INFO] sqlalchemy.engine.Engine: SELECT users.is_active AS users_is_active, users.id AS users_id, users.email AS users_email, users.password AS users_password, users.about AS users_about, users.authenticated AS users_authenticated, users.registered_on AS users_registered_on, users.is_admin AS users_is_admin 
FROM users 
WHERE users.id = ?
2022-04-20 22:27:16,505 [INFO] sqlalchemy.engine.Engine: [cached since 15.05s ago] (1,)
2022-04-20 22:27:16,750 [INFO] sqlalchemy.engine.Engine: BEGIN (implicit)
2022-04-20 22:27:16,753 [INFO] sqlalchemy.engine.Engine: SELECT users.is_active AS users_is_active, users.id AS users_id, users.email AS users_email, users.password AS users_password, users.about AS users_about, users.authenticated AS users_authenticated, users.registered_on AS users_registered_on, users.is_admin AS users_is_admin 
FROM users 
WHERE users.id = ?
2022-04-20 22:27:16,756 [INFO] sqlalchemy.engine.Engine: [cached since 15.31s ago] (1,)
2022-04-20 22:27:27,070 [INFO] sqlalchemy.engine.Engine: BEGIN (implicit)
2022-04-20 22:27:27,075 [INFO] sqlalchemy.engine.Engine: SELECT users.is_active AS users_is_active, users.id AS users_id, users.email AS users_email, users.password AS users_password, users.about AS users_about, users.authenticated AS users_authenticated, users.registered_on AS users_registered_on, users.is_admin AS users_is_admin 
FROM users 
WHERE users.id = ?
2022-04-20 22:27:27,082 [INFO] sqlalchemy.engine.Engine: [cached since 25.63s ago] (1,)
2022-04-20 22:29:45,287 [INFO] sqlalchemy.engine.Engine: BEGIN (implicit)
2022-04-20 22:29:45,301 [INFO] sqlalchemy.engine.Engine: SELECT users.is_active AS users_is_active, users.id AS users_id, users.email AS users_email, users.password AS users_password, users.about AS users_about, users.authenticated AS users_authenticated, users.registered_on AS users_registered_on, users.is_admin AS users_is_admin 
FROM users 
WHERE users.id = ?
2022-04-20 22:29:45,304 [INFO] sqlalchemy.engine.Engine: [cached since 164s ago] (1,)
2022-04-20 22:29:45,389 [INFO] sqlalchemy.engine.Engine: ROLLBACK
2022-04-20 22:29:53,548 [INFO] sqlalchemy.engine.Engine: BEGIN (implicit)
2022-04-20 22:29:53,553 [INFO] sqlalchemy.engine.Engine: SELECT users.is_active AS users_is_active, users.id AS users_id, users.email AS users_email, users.password AS users_password, users.about AS users_about, users.authenticated AS users_authenticated, users.registered_on AS users_registered_on, users.is_admin AS users_is_admin 
FROM users 
WHERE users.id = ?
2022-04-20 22:29:53,556 [INFO] sqlalchemy.engine.Engine: [cached since 172.3s ago] (1,)
2022-04-20 22:29:53,566 [INFO] sqlalchemy.engine.Engine: SELECT users.is_active AS users_is_active, users.id AS users_id, users.email AS users_email, users.password AS users_password, users.about AS users_about, users.authenticated AS users_authenticated, users.registered_on AS users_registered_on, users.is_admin AS users_is_admin 
FROM users
2022-04-20 22:29:53,568 [INFO] sqlalchemy.engine.Engine: [generated in 0.00210s] ()
2022-04-20 22:29:53,691 [INFO] sqlalchemy.engine.Engine: ROLLBACK
2022-04-20 22:29:56,635 [INFO] sqlalchemy.engine.Engine: BEGIN (implicit)
2022-04-20 22:29:56,639 [INFO] sqlalchemy.engine.Engine: SELECT users.is_active AS users_is_active, users.id AS users_id, users.email AS users_email, users.password AS users_password, users.about AS users_about, users.authenticated AS users_authenticated, users.registered_on AS users_registered_on, users.is_admin AS users_is_admin 
FROM users 
WHERE users.id = ?
2022-04-20 22:29:56,643 [INFO] sqlalchemy.engine.Engine: [cached since 175.3s ago] (1,)
2022-04-20 22:29:56,696 [INFO] sqlalchemy.engine.Engine: ROLLBACK
2022-04-20 22:37:25,300 [INFO] sqlalchemy.engine.Engine: BEGIN (implicit)
2022-04-20 22:37:25,305 [INFO] sqlalchemy.engine.Engine: SELECT users.is_active AS users_is_active, users.id AS users_id, users.email AS users_email, users.password AS users_password, users.about AS users_about, users.authenticated AS users_authenticated, users.registered_on AS users_registered_on, users.is_admin AS users_is_admin 
FROM users 
WHERE users.id = ?
2022-04-20 22:37:25,308 [INFO] sqlalchemy.engine.Engine: [cached since 624.5s ago] (1,)
2022-04-20 22:37:25,316 [INFO] sqlalchemy.engine.Engine: COMMIT
2022-04-20 23:55:52,817 [INFO] sqlalchemy.engine.Engine: BEGIN (implicit)
2022-04-20 23:55:52,823 [INFO] sqlalchemy.engine.Engine: SELECT users.is_active AS users_is_active, users.id AS users_id, users.email AS users_email, users.password AS users_password, users.about AS users_about, users.authenticated AS users_authenticated, users.registered_on AS users_registered_on, users.is_admin AS users_is_admin 
FROM users 
WHERE users.email = ?
 LIMIT ? OFFSET ?
2022-04-20 23:55:52,826 [INFO] sqlalchemy.engine.Engine: [generated in 0.00327s] ('diana@diana.com', 1, 0)
2022-04-20 23:55:53,014 [INFO] sqlalchemy.engine.Engine: UPDATE users SET authenticated=? WHERE users.id = ?
2022-04-20 23:55:53,017 [INFO] sqlalchemy.engine.Engine: [generated in 0.00311s] (1, 1)
2022-04-20 23:55:53,059 [INFO] sqlalchemy.engine.Engine: COMMIT
2022-04-20 23:55:53,085 [INFO] sqlalchemy.engine.Engine: BEGIN (implicit)
2022-04-20 23:55:53,088 [INFO] sqlalchemy.engine.Engine: SELECT users.is_active AS users_is_active, users.id AS users_id, users.email AS users_email, users.password AS users_password, users.about AS users_about, users.authenticated AS users_authenticated, users.registered_on AS users_registered_on, users.is_admin AS users_is_admin 
FROM users 
WHERE users.id = ?
2022-04-20 23:55:53,092 [INFO] sqlalchemy.engine.Engine: [generated in 0.00345s] (1,)
2022-04-20 23:55:53,113 [INFO] sqlalchemy.engine.Engine: ROLLBACK
2022-04-20 23:55:53,141 [INFO] sqlalchemy.engine.Engine: BEGIN (implicit)
2022-04-20 23:55:53,145 [INFO] sqlalchemy.engine.Engine: SELECT users.is_active AS users_is_active, users.id AS users_id, users.email AS users_email, users.password AS users_password, users.about AS users_about, users.authenticated AS users_authenticated, users.registered_on AS users_registered_on, users.is_admin AS users_is_admin 
FROM users 
WHERE users.id = ?
2022-04-20 23:55:53,147 [INFO] sqlalchemy.engine.Engine: [generated in 0.00219s] (1,)
2022-04-20 23:55:53,173 [INFO] sqlalchemy.engine.Engine: ROLLBACK
2022-04-20 23:56:05,475 [INFO] sqlalchemy.engine.Engine: BEGIN (implicit)
2022-04-20 23:56:05,478 [INFO] sqlalchemy.engine.Engine: SELECT users.is_active AS users_is_active, users.id AS users_id, users.email AS users_email, users.password AS users_password, users.about AS users_about, users.authenticated AS users_authenticated, users.registered_on AS users_registered_on, users.is_admin AS users_is_admin 
FROM users 
WHERE users.id = ?
2022-04-20 23:56:05,481 [INFO] sqlalchemy.engine.Engine: [cached since 12.34s ago] (1,)
2022-04-20 23:56:05,490 [INFO] sqlalchemy.engine.Engine: SELECT users.is_active AS users_is_active, users.id AS users_id, users.email AS users_email, users.password AS users_password, users.about AS users_about, users.authenticated AS users_authenticated, users.registered_on AS users_registered_on, users.is_admin AS users_is_admin 
FROM users
2022-04-20 23:56:05,492 [INFO] sqlalchemy.engine.Engine: [generated in 0.00235s] ()
2022-04-20 23:56:05,622 [INFO] sqlalchemy.engine.Engine: ROLLBACK
2022-04-20 23:56:07,939 [INFO] sqlalchemy.engine.Engine: BEGIN (implicit)
2022-04-20 23:56:07,944 [INFO] sqlalchemy.engine.Engine: SELECT users.is_active AS users_is_active, users.id AS users_id, users.email AS users_email, users.password AS users_password, users.about AS users_about, users.authenticated AS users_authenticated, users.registered_on AS users_registered_on, users.is_admin AS users_is_admin 
FROM users 
WHERE users.id = ?
2022-04-20 23:56:07,946 [INFO] sqlalchemy.engine.Engine: [cached since 14.8s ago] (1,)
2022-04-20 23:56:07,977 [INFO] sqlalchemy.engine.Engine: ROLLBACK
2022-04-20 23:56:09,562 [INFO] sqlalchemy.engine.Engine: BEGIN (implicit)
2022-04-20 23:56:09,571 [INFO] sqlalchemy.engine.Engine: SELECT users.is_active AS users_is_active, users.id AS users_id, users.email AS users_email, users.password AS users_password, users.about AS users_about, users.authenticated AS users_authenticated, users.registered_on AS users_registered_on, users.is_admin AS users_is_admin 
FROM users 
WHERE users.id = ?
2022-04-20 23:56:09,577 [INFO] sqlalchemy.engine.Engine: [cached since 16.43s ago] (1,)
2022-04-20 23:56:09,608 [INFO] sqlalchemy.engine.Engine: ROLLBACK
2022-04-20 23:56:11,438 [INFO] sqlalchemy.engine.Engine: BEGIN (implicit)
2022-04-20 23:56:11,441 [INFO] sqlalchemy.engine.Engine: SELECT users.is_active AS users_is_active, users.id AS users_id, users.email AS users_email, users.password AS users_password, users.about AS users_about, users.authenticated AS users_authenticated, users.registered_on AS users_registered_on, users.is_admin AS users_is_admin 
FROM users 
WHERE users.id = ?
2022-04-20 23:56:11,443 [INFO] sqlalchemy.engine.Engine: [cached since 18.3s ago] (1,)
2022-04-20 23:56:11,472 [INFO] sqlalchemy.engine.Engine: ROLLBACK
2022-04-20 23:56:15,019 [INFO] sqlalchemy.engine.Engine: BEGIN (implicit)
2022-04-20 23:56:15,023 [INFO] sqlalchemy.engine.Engine: SELECT users.is_active AS users_is_active, users.id AS users_id, users.email AS users_email, users.password AS users_password, users.about AS users_about, users.authenticated AS users_authenticated, users.registered_on AS users_registered_on, users.is_admin AS users_is_admin 
FROM users 
WHERE users.id = ?
2022-04-20 23:56:15,026 [INFO] sqlalchemy.engine.Engine: [cached since 21.92s ago] (1,)
2022-04-20 23:56:15,060 [INFO] sqlalchemy.engine.Engine: ROLLBACK
2022-04-20 23:56:23,832 [INFO] sqlalchemy.engine.Engine: BEGIN (implicit)
2022-04-20 23:56:23,838 [INFO] sqlalchemy.engine.Engine: SELECT users.is_active AS users_is_active, users.id AS users_id, users.email AS users_email, users.password AS users_password, users.about AS users_about, users.authenticated AS users_authenticated, users.registered_on AS users_registered_on, users.is_admin AS users_is_admin 
FROM users 
WHERE users.id = ?
2022-04-20 23:56:23,842 [INFO] sqlalchemy.engine.Engine: [cached since 30.73s ago] (1,)
2022-04-20 23:56:23,854 [INFO] sqlalchemy.engine.Engine: UPDATE users SET about=? WHERE users.id = ?
2022-04-20 23:56:23,856 [INFO] sqlalchemy.engine.Engine: [generated in 0.00364s] ('this works', 1)
2022-04-20 23:56:23,875 [INFO] sqlalchemy.engine.Engine: COMMIT
2022-04-20 23:56:23,932 [INFO] sqlalchemy.engine.Engine: BEGIN (implicit)
2022-04-20 23:56:23,934 [INFO] sqlalchemy.engine.Engine: SELECT users.is_active AS users_is_active, users.id AS users_id, users.email AS users_email, users.password AS users_password, users.about AS users_about, users.authenticated AS users_authenticated, users.registered_on AS users_registered_on, users.is_admin AS users_is_admin 
FROM users 
WHERE users.id = ?
2022-04-20 23:56:23,937 [INFO] sqlalchemy.engine.Engine: [cached since 30.83s ago] (1,)
2022-04-20 23:56:23,964 [INFO] sqlalchemy.engine.Engine: ROLLBACK
2022-04-20 23:56:29,490 [INFO] sqlalchemy.engine.Engine: BEGIN (implicit)
2022-04-20 23:56:29,493 [INFO] sqlalchemy.engine.Engine: SELECT users.is_active AS users_is_active, users.id AS users_id, users.email AS users_email, users.password AS users_password, users.about AS users_about, users.authenticated AS users_authenticated, users.registered_on AS users_registered_on, users.is_admin AS users_is_admin 
FROM users 
WHERE users.id = ?
2022-04-20 23:56:29,495 [INFO] sqlalchemy.engine.Engine: [cached since 36.39s ago] (1,)
2022-04-20 23:56:29,531 [INFO] sqlalchemy.engine.Engine: ROLLBACK
2022-04-20 23:58:19,554 [INFO] sqlalchemy.engine.Engine: BEGIN (implicit)
2022-04-20 23:58:19,557 [INFO] sqlalchemy.engine.Engine: SELECT users.is_active AS users_is_active, users.id AS users_id, users.email AS users_email, users.password AS users_password, users.about AS users_about, users.authenticated AS users_authenticated, users.registered_on AS users_registered_on, users.is_admin AS users_is_admin 
FROM users 
WHERE users.id = ?
2022-04-20 23:58:19,559 [INFO] sqlalchemy.engine.Engine: [cached since 146.6s ago] (1,)
2022-04-20 23:58:19,579 [INFO] sqlalchemy.engine.Engine: ROLLBACK
2022-04-20 23:58:20,764 [INFO] sqlalchemy.engine.Engine: BEGIN (implicit)
2022-04-20 23:58:20,768 [INFO] sqlalchemy.engine.Engine: SELECT users.is_active AS users_is_active, users.id AS users_id, users.email AS users_email, users.password AS users_password, users.about AS users_about, users.authenticated AS users_authenticated, users.registered_on AS users_registered_on, users.is_admin AS users_is_admin 
FROM users 
WHERE users.id = ?
2022-04-20 23:58:20,770 [INFO] sqlalchemy.engine.Engine: [cached since 147.8s ago] (1,)
2022-04-20 23:58:20,796 [INFO] sqlalchemy.engine.Engine: ROLLBACK
2022-04-20 23:58:20,956 [INFO] sqlalchemy.engine.Engine: BEGIN (implicit)
2022-04-20 23:58:20,959 [INFO] sqlalchemy.engine.Engine: SELECT users.is_active AS users_is_active, users.id AS users_id, users.email AS users_email, users.password AS users_password, users.about AS users_about, users.authenticated AS users_authenticated, users.registered_on AS users_registered_on, users.is_admin AS users_is_admin 
FROM users 
WHERE users.id = ?
2022-04-20 23:58:20,961 [INFO] sqlalchemy.engine.Engine: [cached since 148s ago] (1,)
2022-04-20 23:58:20,982 [INFO] sqlalchemy.engine.Engine: ROLLBACK
2022-04-20 23:58:21,485 [INFO] sqlalchemy.engine.Engine: BEGIN (implicit)
2022-04-20 23:58:21,489 [INFO] sqlalchemy.engine.Engine: SELECT users.is_active AS users_is_active, users.id AS users_id, users.email AS users_email, users.password AS users_password, users.about AS users_about, users.authenticated AS users_authenticated, users.registered_on AS users_registered_on, users.is_admin AS users_is_admin 
FROM users 
WHERE users.id = ?
2022-04-20 23:58:21,495 [INFO] sqlalchemy.engine.Engine: [cached since 148.5s ago] (1,)
2022-04-20 23:58:21,525 [INFO] sqlalchemy.engine.Engine: ROLLBACK
2022-04-20 23:58:29,887 [INFO] sqlalchemy.engine.Engine: BEGIN (implicit)
2022-04-20 23:58:29,890 [INFO] sqlalchemy.engine.Engine: SELECT users.is_active AS users_is_active, users.id AS users_id, users.email AS users_email, users.password AS users_password, users.about AS users_about, users.authenticated AS users_authenticated, users.registered_on AS users_registered_on, users.is_admin AS users_is_admin 
FROM users 
WHERE users.id = ?
2022-04-20 23:58:29,894 [INFO] sqlalchemy.engine.Engine: [cached since 156.9s ago] (1,)
2022-04-20 23:58:29,919 [INFO] sqlalchemy.engine.Engine: ROLLBACK
2022-04-20 23:59:58,526 [INFO] sqlalchemy.engine.Engine: BEGIN (implicit)
2022-04-20 23:59:58,529 [INFO] sqlalchemy.engine.Engine: SELECT users.is_active AS users_is_active, users.id AS users_id, users.email AS users_email, users.password AS users_password, users.about AS users_about, users.authenticated AS users_authenticated, users.registered_on AS users_registered_on, users.is_admin AS users_is_admin 
FROM users 
WHERE users.id = ?
2022-04-20 23:59:58,531 [INFO] sqlalchemy.engine.Engine: [cached since 245.7s ago] (1,)
2022-04-20 23:59:58,591 [INFO] sqlalchemy.engine.Engine: ROLLBACK
2022-04-21 00:00:13,414 [INFO] sqlalchemy.engine.Engine: BEGIN (implicit)
2022-04-21 00:00:13,417 [INFO] sqlalchemy.engine.Engine: SELECT users.is_active AS users_is_active, users.id AS users_id, users.email AS users_email, users.password AS users_password, users.about AS users_about, users.authenticated AS users_authenticated, users.registered_on AS users_registered_on, users.is_admin AS users_is_admin 
FROM users 
WHERE users.id = ?
2022-04-21 00:00:13,418 [INFO] sqlalchemy.engine.Engine: [cached since 260.6s ago] (1,)
2022-04-21 00:00:13,439 [INFO] sqlalchemy.engine.Engine: ROLLBACK
2022-04-21 00:00:14,934 [INFO] sqlalchemy.engine.Engine: BEGIN (implicit)
2022-04-21 00:00:14,937 [INFO] sqlalchemy.engine.Engine: SELECT users.is_active AS users_is_active, users.id AS users_id, users.email AS users_email, users.password AS users_password, users.about AS users_about, users.authenticated AS users_authenticated, users.registered_on AS users_registered_on, users.is_admin AS users_is_admin 
FROM users 
WHERE users.id = ?
2022-04-21 00:00:14,939 [INFO] sqlalchemy.engine.Engine: [cached since 262.1s ago] (1,)
2022-04-21 00:00:14,950 [INFO] sqlalchemy.engine.Engine: SELECT users.is_active AS users_is_active, users.id AS users_id, users.email AS users_email, users.password AS users_password, users.about AS users_about, users.authenticated AS users_authenticated, users.registered_on AS users_registered_on, users.is_admin AS users_is_admin 
FROM users
2022-04-21 00:00:14,952 [INFO] sqlalchemy.engine.Engine: [cached since 249.8s ago] ()
2022-04-21 00:00:14,982 [INFO] sqlalchemy.engine.Engine: ROLLBACK
2022-04-21 00:00:19,930 [INFO] sqlalchemy.engine.Engine: BEGIN (implicit)
2022-04-21 00:00:19,936 [INFO] sqlalchemy.engine.Engine: SELECT users.is_active AS users_is_active, users.id AS users_id, users.email AS users_email, users.password AS users_password, users.about AS users_about, users.authenticated AS users_authenticated, users.registered_on AS users_registered_on, users.is_admin AS users_is_admin 
FROM users 
WHERE users.id = ?
2022-04-21 00:00:19,939 [INFO] sqlalchemy.engine.Engine: [cached since 267.1s ago] (1,)
2022-04-21 00:00:19,984 [INFO] sqlalchemy.engine.Engine: ROLLBACK
2022-04-21 00:02:34,974 [INFO] sqlalchemy.engine.Engine: BEGIN (implicit)
2022-04-21 00:02:34,977 [INFO] sqlalchemy.engine.Engine: SELECT users.is_active AS users_is_active, users.id AS users_id, users.email AS users_email, users.password AS users_password, users.about AS users_about, users.authenticated AS users_authenticated, users.registered_on AS users_registered_on, users.is_admin AS users_is_admin 
FROM users 
WHERE users.id = ?
2022-04-21 00:02:34,980 [INFO] sqlalchemy.engine.Engine: [cached since 402.3s ago] (1,)
2022-04-21 00:02:35,003 [INFO] sqlalchemy.engine.Engine: ROLLBACK
2022-04-21 00:04:41,868 [INFO] sqlalchemy.engine.Engine: BEGIN (implicit)
2022-04-21 00:04:41,872 [INFO] sqlalchemy.engine.Engine: SELECT users.is_active AS users_is_active, users.id AS users_id, users.email AS users_email, users.password AS users_password, users.about AS users_about, users.authenticated AS users_authenticated, users.registered_on AS users_registered_on, users.is_admin AS users_is_admin 
FROM users 
WHERE users.id = ?
2022-04-21 00:04:41,874 [INFO] sqlalchemy.engine.Engine: [cached since 529.3s ago] (1,)
2022-04-21 00:04:41,907 [INFO] sqlalchemy.engine.Engine: ROLLBACK
2022-04-21 00:07:02,865 [INFO] sqlalchemy.engine.Engine: BEGIN (implicit)
2022-04-21 00:07:02,868 [INFO] sqlalchemy.engine.Engine: SELECT users.is_active AS users_is_active, users.id AS users_id, users.email AS users_email, users.password AS users_password, users.about AS users_about, users.authenticated AS users_authenticated, users.registered_on AS users_registered_on, users.is_admin AS users_is_admin 
FROM users 
WHERE users.id = ?
2022-04-21 00:07:02,871 [INFO] sqlalchemy.engine.Engine: [cached since 670.5s ago] (1,)
2022-04-21 00:07:02,894 [INFO] sqlalchemy.engine.Engine: ROLLBACK
2022-04-21 00:07:13,136 [INFO] sqlalchemy.engine.Engine: BEGIN (implicit)
2022-04-21 00:07:13,140 [INFO] sqlalchemy.engine.Engine: SELECT users.is_active AS users_is_active, users.id AS users_id, users.email AS users_email, users.password AS users_password, users.about AS users_about, users.authenticated AS users_authenticated, users.registered_on AS users_registered_on, users.is_admin AS users_is_admin 
FROM users 
WHERE users.id = ?
2022-04-21 00:07:13,142 [INFO] sqlalchemy.engine.Engine: [cached since 680.8s ago] (1,)
2022-04-21 00:07:13,152 [INFO] sqlalchemy.engine.Engine: COMMIT
2022-04-21 00:07:13,194 [INFO] sqlalchemy.engine.Engine: BEGIN (implicit)
2022-04-21 00:07:13,197 [INFO] sqlalchemy.engine.Engine: SELECT users.is_active AS users_is_active, users.id AS users_id, users.email AS users_email, users.password AS users_password, users.about AS users_about, users.authenticated AS users_authenticated, users.registered_on AS users_registered_on, users.is_admin AS users_is_admin 
FROM users 
WHERE users.id = ?
2022-04-21 00:07:13,200 [INFO] sqlalchemy.engine.Engine: [cached since 680.8s ago] (1,)
2022-04-21 00:07:13,224 [INFO] sqlalchemy.engine.Engine: ROLLBACK
2022-04-21 00:09:14,682 [INFO] sqlalchemy.engine.Engine: BEGIN (implicit)
2022-04-21 00:09:14,687 [INFO] sqlalchemy.engine.Engine: SELECT users.is_active AS users_is_active, users.id AS users_id, users.email AS users_email, users.password AS users_password, users.about AS users_about, users.authenticated AS users_authenticated, users.registered_on AS users_registered_on, users.is_admin AS users_is_admin 
FROM users 
WHERE users.id = ?
2022-04-21 00:09:14,692 [INFO] sqlalchemy.engine.Engine: [cached since 802.5s ago] (1,)
2022-04-21 00:09:14,773 [INFO] sqlalchemy.engine.Engine: ROLLBACK
2022-04-21 00:09:28,756 [INFO] sqlalchemy.engine.Engine: BEGIN (implicit)
2022-04-21 00:09:28,761 [INFO] sqlalchemy.engine.Engine: SELECT users.is_active AS users_is_active, users.id AS users_id, users.email AS users_email, users.password AS users_password, users.about AS users_about, users.authenticated AS users_authenticated, users.registered_on AS users_registered_on, users.is_admin AS users_is_admin 
FROM users 
WHERE users.id = ?
2022-04-21 00:09:28,764 [INFO] sqlalchemy.engine.Engine: [cached since 816.5s ago] (1,)
2022-04-21 00:09:28,784 [INFO] sqlalchemy.engine.Engine: UPDATE users SET authenticated=? WHERE users.id = ?
2022-04-21 00:09:28,789 [INFO] sqlalchemy.engine.Engine: [cached since 816.7s ago] (0, 1)
2022-04-21 00:09:28,816 [INFO] sqlalchemy.engine.Engine: COMMIT
